2022-06-25 19:03:23,132 - elsapy.elsclient - INFO - Module loaded.
2022-06-25 19:03:23,496 - elsapy.elsentity - INFO - Module loaded.
2022-06-25 19:03:23,497 - elsapy.utils - INFO - Module loaded.
2022-06-25 19:03:23,498 - elsapy.elsprofile - INFO - Module loaded.
2022-06-25 19:03:23,499 - elsapy.elsdoc - INFO - Module loaded.
2022-06-25 19:03:23,500 - elsapy.elssearch - INFO - Module loaded.
2022-06-25 19:05:36,807 - elsapy.elsclient - INFO - Module loaded.
2022-06-25 19:05:37,166 - elsapy.elsentity - INFO - Module loaded.
2022-06-25 19:05:37,167 - elsapy.utils - INFO - Module loaded.
2022-06-25 19:05:37,178 - elsapy.elsprofile - INFO - Module loaded.
2022-06-25 19:05:37,179 - elsapy.elsdoc - INFO - Module loaded.
2022-06-25 19:05:37,180 - elsapy.elssearch - INFO - Module loaded.
2022-06-25 19:05:37,823 - elsapy.elsclient - INFO - Sending GET request to https://api.elsevier.com/content/author/author_id/7004367821
2022-06-25 19:05:39,042 - elsapy.elsentity - WARNING - HTTP 401 Error from https://api.elsevier.com/content/author/author_id/7004367821
and using headers {'X-ELS-APIKey': 'cf1f26157cab37737d22e365b8bc9c6b', 'User-Agent': 'elsapy-v0.5.0', 'Accept': 'application/json'}:
{"service-error":{"status":{"statusCode":"AUTHORIZATION_ERROR","statusText":"The requestor is not authorized to access the requested view or fields of the resource"}}}
2022-06-25 19:05:40,044 - elsapy.elsclient - INFO - Sending GET request to https://api.elsevier.com/content/affiliation/affiliation_id/60101411
2022-06-25 19:05:40,766 - elsapy.elsentity - WARNING - HTTP 401 Error from https://api.elsevier.com/content/affiliation/affiliation_id/60101411
and using headers {'X-ELS-APIKey': 'cf1f26157cab37737d22e365b8bc9c6b', 'User-Agent': 'elsapy-v0.5.0', 'Accept': 'application/json'}:
{"service-error":{"status":{"statusCode":"AUTHORIZATION_ERROR","statusText":"The requestor is not authorized to access the requested view or fields of the resource"}}}
2022-06-25 19:05:41,778 - elsapy.elsclient - INFO - Sending GET request to https://api.elsevier.com/content/abstract/scopus_id/84872135457
2022-06-25 19:05:42,205 - elsapy.elsentity - INFO - Data loaded for https://api.elsevier.com/content/abstract/scopus_id/84872135457
2022-06-25 19:05:42,206 - elsapy.elsentity - INFO - Wrote https://api.elsevier.com/content/abstract/scopus_id/84872135457 to file
2022-06-25 19:05:43,217 - elsapy.elsclient - INFO - Sending GET request to https://api.elsevier.com/content/article/pii/S1674927814000082
2022-06-25 19:05:44,321 - elsapy.elsentity - INFO - Data loaded for https://api.elsevier.com/content/article/pii/S1674927814000082
2022-06-25 19:05:44,324 - elsapy.elsentity - INFO - Wrote https://api.elsevier.com/content/article/pii/S1674927814000082 to file
2022-06-25 19:05:45,316 - elsapy.elsclient - INFO - Sending GET request to https://api.elsevier.com/content/article/doi/10.1016/S1525-1578(10)60571-5
2022-06-25 19:05:45,903 - elsapy.elsentity - INFO - Data loaded for https://api.elsevier.com/content/article/doi/10.1016/S1525-1578(10)60571-5
2022-06-25 19:05:45,905 - elsapy.elsentity - INFO - Wrote https://api.elsevier.com/content/article/doi/10.1016/S1525-1578(10)60571-5 to file
2022-06-25 19:10:21,526 - elsapy.elsclient - INFO - Module loaded.
2022-06-25 19:10:21,854 - elsapy.elsentity - INFO - Module loaded.
2022-06-25 19:10:21,854 - elsapy.utils - INFO - Module loaded.
2022-06-25 19:10:21,854 - elsapy.elsprofile - INFO - Module loaded.
2022-06-25 19:10:21,854 - elsapy.elsdoc - INFO - Module loaded.
2022-06-25 19:10:21,854 - elsapy.elssearch - INFO - Module loaded.
2022-06-25 19:10:22,541 - elsapy.elsclient - INFO - Sending GET request to https://api.elsevier.com/content/author/author_id/7004367821
2022-06-25 19:10:22,848 - elsapy.elsentity - WARNING - HTTP 401 Error from https://api.elsevier.com/content/author/author_id/7004367821
and using headers {'X-ELS-APIKey': 'cf1f26157cab37737d22e365b8bc9c6b', 'User-Agent': 'elsapy-v0.5.0', 'Accept': 'application/json'}:
{"service-error":{"status":{"statusCode":"AUTHORIZATION_ERROR","statusText":"The requestor is not authorized to access the requested view or fields of the resource"}}}
2022-06-25 19:10:23,863 - elsapy.elsclient - INFO - Sending GET request to https://api.elsevier.com/content/affiliation/affiliation_id/60101411
2022-06-25 19:10:24,225 - elsapy.elsentity - WARNING - HTTP 401 Error from https://api.elsevier.com/content/affiliation/affiliation_id/60101411
and using headers {'X-ELS-APIKey': 'cf1f26157cab37737d22e365b8bc9c6b', 'User-Agent': 'elsapy-v0.5.0', 'Accept': 'application/json'}:
{"service-error":{"status":{"statusCode":"AUTHORIZATION_ERROR","statusText":"The requestor is not authorized to access the requested view or fields of the resource"}}}
2022-06-25 19:10:25,240 - elsapy.elsclient - INFO - Sending GET request to https://api.elsevier.com/content/abstract/scopus_id/84872135457
2022-06-25 19:10:25,647 - elsapy.elsentity - INFO - Data loaded for https://api.elsevier.com/content/abstract/scopus_id/84872135457
2022-06-25 19:10:25,647 - elsapy.elsentity - INFO - Wrote https://api.elsevier.com/content/abstract/scopus_id/84872135457 to file
2022-06-25 19:10:26,659 - elsapy.elsclient - INFO - Sending GET request to https://api.elsevier.com/content/article/pii/S1674927814000082
2022-06-25 19:10:27,222 - elsapy.elsentity - INFO - Data loaded for https://api.elsevier.com/content/article/pii/S1674927814000082
2022-06-25 19:10:27,222 - elsapy.elsentity - INFO - Wrote https://api.elsevier.com/content/article/pii/S1674927814000082 to file
2022-06-25 19:10:28,222 - elsapy.elsclient - INFO - Sending GET request to https://api.elsevier.com/content/article/doi/10.1016/S1525-1578(10)60571-5
2022-06-25 19:10:29,131 - elsapy.elsentity - INFO - Data loaded for https://api.elsevier.com/content/article/doi/10.1016/S1525-1578(10)60571-5
2022-06-25 19:10:29,131 - elsapy.elsentity - INFO - Wrote https://api.elsevier.com/content/article/doi/10.1016/S1525-1578(10)60571-5 to file
2022-06-25 19:10:31,398 - elsapy.elsclient - INFO - Sending GET request to https://api.elsevier.com/content/author/author_id/7004367821?view=documents
2022-06-25 19:10:32,210 - elsapy.elsprofile - WARNING - ('HTTP 400 Error from https://api.elsevier.com/content/author/author_id/7004367821?view=documents\nand using headers {\'X-ELS-APIKey\': \'cf1f26157cab37737d22e365b8bc9c6b\', \'User-Agent\': \'elsapy-v0.5.0\', \'Accept\': \'application/json\'}:\n{"service-error":{"status":{"statusCode":"INVALID_INPUT","statusText":"View parameter entered is not valid for this service"}}}',)
2022-06-25 19:10:33,213 - elsapy.elsclient - INFO - Sending GET request to https://api.elsevier.com/content/affiliation/affiliation_id/60101411?view=documents
2022-06-25 19:10:33,569 - elsapy.elsprofile - WARNING - ('HTTP 400 Error from https://api.elsevier.com/content/affiliation/affiliation_id/60101411?view=documents\nand using headers {\'X-ELS-APIKey\': \'cf1f26157cab37737d22e365b8bc9c6b\', \'User-Agent\': \'elsapy-v0.5.0\', \'Accept\': \'application/json\'}:\n{"service-error":{"status":{"statusCode":"INVALID_INPUT","statusText":"View parameter entered is not valid for this service"}}}',)
2022-06-25 19:10:34,585 - elsapy.elsclient - INFO - Sending GET request to https://api.elsevier.com/content/search/author?query=authlast%28keuskamp%29
2022-06-25 19:15:38,278 - elsapy.elsclient - INFO - Module loaded.
2022-06-25 19:15:38,632 - elsapy.elsentity - INFO - Module loaded.
2022-06-25 19:15:38,633 - elsapy.utils - INFO - Module loaded.
2022-06-25 19:15:38,633 - elsapy.elsprofile - INFO - Module loaded.
2022-06-25 19:15:38,635 - elsapy.elsdoc - INFO - Module loaded.
2022-06-25 19:15:38,635 - elsapy.elssearch - INFO - Module loaded.
2022-06-25 19:16:58,635 - elsapy.elsclient - INFO - Module loaded.
2022-06-25 19:16:58,984 - elsapy.elsentity - INFO - Module loaded.
2022-06-25 19:16:58,985 - elsapy.utils - INFO - Module loaded.
2022-06-25 19:16:58,985 - elsapy.elsprofile - INFO - Module loaded.
2022-06-25 19:16:58,986 - elsapy.elsdoc - INFO - Module loaded.
2022-06-25 19:16:58,986 - elsapy.elssearch - INFO - Module loaded.
2022-06-25 19:16:59,638 - elsapy.elsclient - INFO - Sending GET request to https://api.elsevier.com/content/author/author_id/7004367821
2022-06-25 19:17:00,348 - elsapy.elsentity - WARNING - HTTP 401 Error from https://api.elsevier.com/content/author/author_id/7004367821
and using headers {'X-ELS-APIKey': 'cf1f26157cab37737d22e365b8bc9c6b', 'User-Agent': 'elsapy-v0.5.0', 'Accept': 'application/json'}:
{"service-error":{"status":{"statusCode":"AUTHORIZATION_ERROR","statusText":"The requestor is not authorized to access the requested view or fields of the resource"}}}
2022-06-25 19:17:01,358 - elsapy.elsclient - INFO - Sending GET request to https://api.elsevier.com/content/affiliation/affiliation_id/60101411
2022-06-25 19:17:01,617 - elsapy.elsentity - WARNING - HTTP 401 Error from https://api.elsevier.com/content/affiliation/affiliation_id/60101411
and using headers {'X-ELS-APIKey': 'cf1f26157cab37737d22e365b8bc9c6b', 'User-Agent': 'elsapy-v0.5.0', 'Accept': 'application/json'}:
{"service-error":{"status":{"statusCode":"AUTHORIZATION_ERROR","statusText":"The requestor is not authorized to access the requested view or fields of the resource"}}}
2022-06-25 19:17:02,626 - elsapy.elsclient - INFO - Sending GET request to https://api.elsevier.com/content/abstract/scopus_id/84872135457
2022-06-25 19:17:03,081 - elsapy.elsentity - INFO - Data loaded for https://api.elsevier.com/content/abstract/scopus_id/84872135457
2022-06-25 19:17:03,083 - elsapy.elsentity - INFO - Wrote https://api.elsevier.com/content/abstract/scopus_id/84872135457 to file
2022-06-25 19:17:04,084 - elsapy.elsclient - INFO - Sending GET request to https://api.elsevier.com/content/article/pii/S1674927814000082
2022-06-25 19:17:05,010 - elsapy.elsentity - INFO - Data loaded for https://api.elsevier.com/content/article/pii/S1674927814000082
2022-06-25 19:17:05,012 - elsapy.elsentity - INFO - Wrote https://api.elsevier.com/content/article/pii/S1674927814000082 to file
2022-06-25 19:17:06,021 - elsapy.elsclient - INFO - Sending GET request to https://api.elsevier.com/content/article/doi/10.1016/S1525-1578(10)60571-5
2022-06-25 19:17:06,507 - elsapy.elsentity - INFO - Data loaded for https://api.elsevier.com/content/article/doi/10.1016/S1525-1578(10)60571-5
2022-06-25 19:17:06,507 - elsapy.elsentity - INFO - Wrote https://api.elsevier.com/content/article/doi/10.1016/S1525-1578(10)60571-5 to file
2022-06-25 19:17:20,872 - elsapy.elsclient - INFO - Module loaded.
2022-06-25 19:17:21,194 - elsapy.elsentity - INFO - Module loaded.
2022-06-25 19:17:21,195 - elsapy.utils - INFO - Module loaded.
2022-06-25 19:17:21,195 - elsapy.elsprofile - INFO - Module loaded.
2022-06-25 19:17:21,195 - elsapy.elsdoc - INFO - Module loaded.
2022-06-25 19:17:21,196 - elsapy.elssearch - INFO - Module loaded.
2022-06-25 19:17:21,881 - elsapy.elsclient - INFO - Sending GET request to https://api.elsevier.com/content/author/author_id/7004367821
2022-06-25 19:17:22,150 - elsapy.elsentity - WARNING - HTTP 401 Error from https://api.elsevier.com/content/author/author_id/7004367821
and using headers {'X-ELS-APIKey': 'cf1f26157cab37737d22e365b8bc9c6b', 'User-Agent': 'elsapy-v0.5.0', 'Accept': 'application/json'}:
{"service-error":{"status":{"statusCode":"AUTHORIZATION_ERROR","statusText":"The requestor is not authorized to access the requested view or fields of the resource"}}}
2022-06-25 19:17:23,161 - elsapy.elsclient - INFO - Sending GET request to https://api.elsevier.com/content/affiliation/affiliation_id/60101411
2022-06-25 19:17:23,900 - elsapy.elsentity - WARNING - HTTP 401 Error from https://api.elsevier.com/content/affiliation/affiliation_id/60101411
and using headers {'X-ELS-APIKey': 'cf1f26157cab37737d22e365b8bc9c6b', 'User-Agent': 'elsapy-v0.5.0', 'Accept': 'application/json'}:
{"service-error":{"status":{"statusCode":"AUTHORIZATION_ERROR","statusText":"The requestor is not authorized to access the requested view or fields of the resource"}}}
2022-06-25 19:17:24,909 - elsapy.elsclient - INFO - Sending GET request to https://api.elsevier.com/content/abstract/scopus_id/84872135457
2022-06-25 19:17:25,259 - elsapy.elsentity - INFO - Data loaded for https://api.elsevier.com/content/abstract/scopus_id/84872135457
2022-06-25 19:17:25,259 - elsapy.elsentity - INFO - Wrote https://api.elsevier.com/content/abstract/scopus_id/84872135457 to file
2022-06-25 19:17:26,270 - elsapy.elsclient - INFO - Sending GET request to https://api.elsevier.com/content/article/pii/S1674927814000082
2022-06-25 19:17:26,745 - elsapy.elsentity - INFO - Data loaded for https://api.elsevier.com/content/article/pii/S1674927814000082
2022-06-25 19:17:26,747 - elsapy.elsentity - INFO - Wrote https://api.elsevier.com/content/article/pii/S1674927814000082 to file
2022-06-25 19:17:27,748 - elsapy.elsclient - INFO - Sending GET request to https://api.elsevier.com/content/article/doi/10.1016/S1525-1578(10)60571-5
2022-06-25 19:17:28,218 - elsapy.elsentity - INFO - Data loaded for https://api.elsevier.com/content/article/doi/10.1016/S1525-1578(10)60571-5
2022-06-25 19:17:28,219 - elsapy.elsentity - INFO - Wrote https://api.elsevier.com/content/article/doi/10.1016/S1525-1578(10)60571-5 to file
2022-06-25 19:19:01,356 - elsapy.elsclient - INFO - Module loaded.
2022-06-25 19:19:01,710 - elsapy.elsentity - INFO - Module loaded.
2022-06-25 19:19:01,711 - elsapy.utils - INFO - Module loaded.
2022-06-25 19:19:01,711 - elsapy.elsprofile - INFO - Module loaded.
2022-06-25 19:19:01,712 - elsapy.elsdoc - INFO - Module loaded.
2022-06-25 19:19:01,713 - elsapy.elssearch - INFO - Module loaded.
2022-06-25 19:19:02,363 - elsapy.elsclient - INFO - Sending GET request to https://api.elsevier.com/content/article/doi/10.1016/S1525-1578(10)60571-5
2022-06-25 19:19:02,806 - elsapy.elsentity - INFO - Data loaded for https://api.elsevier.com/content/article/doi/10.1016/S1525-1578(10)60571-5
2022-06-25 19:19:02,807 - elsapy.elsentity - INFO - Wrote https://api.elsevier.com/content/article/doi/10.1016/S1525-1578(10)60571-5 to file
2022-06-25 19:21:47,672 - elsapy.elsclient - INFO - Module loaded.
2022-06-25 19:21:48,001 - elsapy.elsentity - INFO - Module loaded.
2022-06-25 19:21:48,001 - elsapy.utils - INFO - Module loaded.
2022-06-25 19:21:48,001 - elsapy.elsprofile - INFO - Module loaded.
2022-06-25 19:21:48,002 - elsapy.elsdoc - INFO - Module loaded.
2022-06-25 19:21:48,003 - elsapy.elssearch - INFO - Module loaded.
2022-06-25 19:21:48,674 - elsapy.elsclient - INFO - Sending GET request to https://api.elsevier.com/content/author/author_id/7004367821
2022-06-25 19:21:49,429 - elsapy.elsentity - WARNING - HTTP 401 Error from https://api.elsevier.com/content/author/author_id/7004367821
and using headers {'X-ELS-APIKey': 'cf1f26157cab37737d22e365b8bc9c6b', 'User-Agent': 'elsapy-v0.5.0', 'Accept': 'application/json'}:
{"service-error":{"status":{"statusCode":"AUTHORIZATION_ERROR","statusText":"The requestor is not authorized to access the requested view or fields of the resource"}}}
2022-06-25 19:21:50,440 - elsapy.elsclient - INFO - Sending GET request to https://api.elsevier.com/content/affiliation/affiliation_id/60101411
2022-06-25 19:21:50,756 - elsapy.elsentity - WARNING - HTTP 401 Error from https://api.elsevier.com/content/affiliation/affiliation_id/60101411
and using headers {'X-ELS-APIKey': 'cf1f26157cab37737d22e365b8bc9c6b', 'User-Agent': 'elsapy-v0.5.0', 'Accept': 'application/json'}:
{"service-error":{"status":{"statusCode":"AUTHORIZATION_ERROR","statusText":"The requestor is not authorized to access the requested view or fields of the resource"}}}
2022-06-25 19:21:51,762 - elsapy.elsclient - INFO - Sending GET request to https://api.elsevier.com/content/abstract/scopus_id/84872135457
2022-06-25 19:21:52,451 - elsapy.elsentity - INFO - Data loaded for https://api.elsevier.com/content/abstract/scopus_id/84872135457
2022-06-25 19:21:52,451 - elsapy.elsentity - INFO - Wrote https://api.elsevier.com/content/abstract/scopus_id/84872135457 to file
2022-06-25 19:21:53,452 - elsapy.elsclient - INFO - Sending GET request to https://api.elsevier.com/content/article/pii/S1674927814000082
2022-06-25 19:21:54,098 - elsapy.elsentity - INFO - Data loaded for https://api.elsevier.com/content/article/pii/S1674927814000082
2022-06-25 19:21:54,098 - elsapy.elsentity - INFO - Wrote https://api.elsevier.com/content/article/pii/S1674927814000082 to file
2022-06-25 19:21:55,113 - elsapy.elsclient - INFO - Sending GET request to https://api.elsevier.com/content/article/doi/10.1016/S1525-1578(10)60571-5
2022-06-25 19:21:55,887 - elsapy.elsentity - INFO - Data loaded for https://api.elsevier.com/content/article/doi/10.1016/S1525-1578(10)60571-5
2022-06-25 19:21:55,887 - elsapy.elsentity - INFO - Wrote https://api.elsevier.com/content/article/doi/10.1016/S1525-1578(10)60571-5 to file
2022-06-25 19:25:40,376 - elsapy.elsclient - INFO - Module loaded.
2022-06-25 19:25:40,716 - elsapy.elsentity - INFO - Module loaded.
2022-06-25 19:25:40,717 - elsapy.utils - INFO - Module loaded.
2022-06-25 19:25:40,717 - elsapy.elsprofile - INFO - Module loaded.
2022-06-25 19:25:40,718 - elsapy.elsdoc - INFO - Module loaded.
2022-06-25 19:25:40,718 - elsapy.elssearch - INFO - Module loaded.
2022-06-25 19:25:41,382 - elsapy.elsclient - INFO - Sending GET request to https://api.elsevier.com/content/article/doi/10.1016/j.commatsci.2022.111487
2022-06-25 19:25:41,969 - elsapy.elsentity - INFO - Data loaded for https://api.elsevier.com/content/article/doi/10.1016/j.commatsci.2022.111487
2022-06-25 19:25:41,970 - elsapy.elsentity - INFO - Wrote https://api.elsevier.com/content/article/doi/10.1016/j.commatsci.2022.111487 to file
2022-06-25 19:25:42,976 - elsapy.elsclient - INFO - Sending GET request to https://api.elsevier.com/content/search/author?query=authlast%28keuskamp%29
2022-06-25 19:26:07,932 - elsapy.elsclient - INFO - Module loaded.
2022-06-25 19:26:08,275 - elsapy.elsentity - INFO - Module loaded.
2022-06-25 19:26:08,275 - elsapy.utils - INFO - Module loaded.
2022-06-25 19:26:08,275 - elsapy.elsprofile - INFO - Module loaded.
2022-06-25 19:26:08,275 - elsapy.elsdoc - INFO - Module loaded.
2022-06-25 19:26:08,275 - elsapy.elssearch - INFO - Module loaded.
2022-06-25 19:26:08,948 - elsapy.elsclient - INFO - Sending GET request to https://api.elsevier.com/content/article/doi/10.1016/j.commatsci.2022.111487
2022-06-25 19:26:09,918 - elsapy.elsentity - INFO - Data loaded for https://api.elsevier.com/content/article/doi/10.1016/j.commatsci.2022.111487
2022-06-25 19:26:09,918 - elsapy.elsentity - INFO - Wrote https://api.elsevier.com/content/article/doi/10.1016/j.commatsci.2022.111487 to file
2022-06-25 19:26:10,928 - elsapy.elsclient - INFO - Sending GET request to https://api.elsevier.com/content/search/author?query=authlast%28keuskamp%29
2022-06-25 19:27:20,161 - elsapy.elsclient - INFO - Module loaded.
2022-06-25 19:27:20,485 - elsapy.elsentity - INFO - Module loaded.
2022-06-25 19:27:20,485 - elsapy.utils - INFO - Module loaded.
2022-06-25 19:27:20,486 - elsapy.elsprofile - INFO - Module loaded.
2022-06-25 19:27:20,486 - elsapy.elsdoc - INFO - Module loaded.
2022-06-25 19:27:20,487 - elsapy.elssearch - INFO - Module loaded.
2022-06-25 19:27:21,162 - elsapy.elsclient - INFO - Sending GET request to https://api.elsevier.com/content/article/doi/10.1016/j.commatsci.2022.111487
2022-06-25 19:27:22,383 - elsapy.elsentity - INFO - Data loaded for https://api.elsevier.com/content/article/doi/10.1016/j.commatsci.2022.111487
2022-06-25 19:27:22,384 - elsapy.elsentity - INFO - Wrote https://api.elsevier.com/content/article/doi/10.1016/j.commatsci.2022.111487 to file
2022-06-25 19:27:23,397 - elsapy.elsclient - INFO - Sending GET request to https://api.elsevier.com/content/search/scopus?query=AFFIL%28dartmouth%29+AND+AUTHOR-NAME%28lewis%29+AND+PUBYEAR+%3E+2011
2022-06-25 19:27:26,384 - elsapy.elsclient - INFO - Sending GET request to https://api.elsevier.com/content/search/scopus?start=25&count=25&query=AFFIL%28dartmouth%29+AND+AUTHOR-NAME%28lewis%29+AND+PUBYEAR+%3E+2011
2022-06-25 19:27:28,453 - elsapy.elsclient - INFO - Sending GET request to https://api.elsevier.com/content/search/scopus?start=50&count=25&query=AFFIL%28dartmouth%29+AND+AUTHOR-NAME%28lewis%29+AND+PUBYEAR+%3E+2011
2022-06-25 19:27:31,934 - elsapy.elsclient - INFO - Sending GET request to https://api.elsevier.com/content/search/scopus?start=75&count=25&query=AFFIL%28dartmouth%29+AND+AUTHOR-NAME%28lewis%29+AND+PUBYEAR+%3E+2011
2022-06-25 19:27:34,443 - elsapy.elsclient - INFO - Sending GET request to https://api.elsevier.com/content/search/scopus?start=100&count=25&query=AFFIL%28dartmouth%29+AND+AUTHOR-NAME%28lewis%29+AND+PUBYEAR+%3E+2011
2022-06-25 19:27:36,840 - elsapy.elsclient - INFO - Sending GET request to https://api.elsevier.com/content/search/scopus?start=125&count=25&query=AFFIL%28dartmouth%29+AND+AUTHOR-NAME%28lewis%29+AND+PUBYEAR+%3E+2011
2022-06-25 19:27:39,816 - elsapy.elsclient - INFO - Sending GET request to https://api.elsevier.com/content/search/scopus?start=150&count=25&query=AFFIL%28dartmouth%29+AND+AUTHOR-NAME%28lewis%29+AND+PUBYEAR+%3E+2011
2022-06-25 19:27:41,964 - elsapy.elsclient - INFO - Sending GET request to https://api.elsevier.com/content/search/scopus?start=175&count=25&query=AFFIL%28dartmouth%29+AND+AUTHOR-NAME%28lewis%29+AND+PUBYEAR+%3E+2011
2022-06-25 19:27:56,556 - elsapy.elsclient - INFO - Module loaded.
2022-06-25 19:27:56,884 - elsapy.elsentity - INFO - Module loaded.
2022-06-25 19:27:56,884 - elsapy.utils - INFO - Module loaded.
2022-06-25 19:27:56,884 - elsapy.elsprofile - INFO - Module loaded.
2022-06-25 19:27:56,884 - elsapy.elsdoc - INFO - Module loaded.
2022-06-25 19:27:56,884 - elsapy.elssearch - INFO - Module loaded.
2022-06-25 19:27:57,563 - elsapy.elsclient - INFO - Sending GET request to https://api.elsevier.com/content/article/doi/10.1016/j.commatsci.2022.111487
2022-06-25 19:27:58,107 - elsapy.elsentity - INFO - Data loaded for https://api.elsevier.com/content/article/doi/10.1016/j.commatsci.2022.111487
2022-06-25 19:27:58,107 - elsapy.elsentity - INFO - Wrote https://api.elsevier.com/content/article/doi/10.1016/j.commatsci.2022.111487 to file
2022-06-25 19:27:59,116 - elsapy.elsclient - INFO - Sending GET request to https://api.elsevier.com/content/search/sciencedirect?query=star+trek+vs+star+wars
2022-06-25 19:30:33,615 - elsapy.elsclient - INFO - Module loaded.
2022-06-25 19:30:33,930 - elsapy.elsentity - INFO - Module loaded.
2022-06-25 19:30:33,930 - elsapy.utils - INFO - Module loaded.
2022-06-25 19:30:33,930 - elsapy.elsprofile - INFO - Module loaded.
2022-06-25 19:30:33,930 - elsapy.elsdoc - INFO - Module loaded.
2022-06-25 19:30:33,930 - elsapy.elssearch - INFO - Module loaded.
2022-06-25 19:30:34,617 - elsapy.elsclient - INFO - Sending GET request to https://api.elsevier.com/content/article/doi/10.1016/j.commatsci.2022.111487
2022-06-25 19:30:35,597 - elsapy.elsentity - INFO - Data loaded for https://api.elsevier.com/content/article/doi/10.1016/j.commatsci.2022.111487
2022-06-25 19:30:35,598 - elsapy.elsentity - INFO - Wrote https://api.elsevier.com/content/article/doi/10.1016/j.commatsci.2022.111487 to file
2022-06-25 19:30:36,598 - elsapy.elsclient - INFO - Sending GET request to https://api.elsevier.com/content/search/sciencedirect?query=star+trek+vs+star+wars
2022-06-25 19:32:14,226 - elsapy.elsclient - INFO - Module loaded.
2022-06-25 19:32:14,539 - elsapy.elsentity - INFO - Module loaded.
2022-06-25 19:32:14,539 - elsapy.utils - INFO - Module loaded.
2022-06-25 19:32:14,539 - elsapy.elsprofile - INFO - Module loaded.
2022-06-25 19:32:14,539 - elsapy.elsdoc - INFO - Module loaded.
2022-06-25 19:32:14,554 - elsapy.elssearch - INFO - Module loaded.
2022-06-25 19:32:15,233 - elsapy.elsclient - INFO - Sending GET request to https://api.elsevier.com/content/article/doi/10.1016/j.commatsci.2022.111487
2022-06-25 19:32:15,780 - elsapy.elsentity - INFO - Data loaded for https://api.elsevier.com/content/article/doi/10.1016/j.commatsci.2022.111487
2022-06-25 19:32:15,780 - elsapy.elsentity - INFO - Wrote https://api.elsevier.com/content/article/doi/10.1016/j.commatsci.2022.111487 to file
2022-06-25 19:33:17,898 - elsapy.elsclient - INFO - Module loaded.
2022-06-25 19:33:18,228 - elsapy.elsentity - INFO - Module loaded.
2022-06-25 19:33:18,228 - elsapy.utils - INFO - Module loaded.
2022-06-25 19:33:18,228 - elsapy.elsprofile - INFO - Module loaded.
2022-06-25 19:33:18,228 - elsapy.elsdoc - INFO - Module loaded.
2022-06-25 19:33:18,228 - elsapy.elssearch - INFO - Module loaded.
2022-06-25 19:33:18,900 - elsapy.elsclient - INFO - Sending GET request to https://api.elsevier.com/content/article/doi/10.1016/j.commatsci.2022.111487
2022-06-25 19:33:19,418 - elsapy.elsentity - INFO - Data loaded for https://api.elsevier.com/content/article/doi/10.1016/j.commatsci.2022.111487
2022-06-25 19:33:19,418 - elsapy.elsentity - INFO - Wrote https://api.elsevier.com/content/article/doi/10.1016/j.commatsci.2022.111487 to file
2022-06-25 19:33:20,419 - elsapy.elsclient - INFO - Sending GET request to https://api.elsevier.com/content/search/sciencedirect?query=Aluminium
2022-06-25 19:35:39,534 - elsapy.elsclient - INFO - Module loaded.
2022-06-25 19:35:39,535 - elsapy.elsentity - INFO - Module loaded.
2022-06-25 19:35:39,535 - elsapy.elsdoc - INFO - Module loaded.
2022-06-25 19:35:39,856 - elsapy.utils - INFO - Module loaded.
2022-06-25 19:35:39,856 - elsapy.elssearch - INFO - Module loaded.
2022-06-25 19:35:40,548 - elsapy.elsclient - INFO - Sending GET request to https://api.elsevier.com/content/article/doi/10.1016/j.commatsci.2022.111487
2022-06-25 19:35:41,265 - elsapy.elsentity - INFO - Data loaded for https://api.elsevier.com/content/article/doi/10.1016/j.commatsci.2022.111487
2022-06-25 19:35:41,266 - elsapy.elsentity - INFO - Wrote https://api.elsevier.com/content/article/doi/10.1016/j.commatsci.2022.111487 to file
2022-06-25 19:40:20,903 - elsapy.elsclient - INFO - Module loaded.
2022-06-25 19:40:20,904 - elsapy.elsentity - INFO - Module loaded.
2022-06-25 19:40:20,904 - elsapy.elsdoc - INFO - Module loaded.
2022-06-25 19:40:21,908 - elsapy.elsclient - INFO - Sending GET request to https://api.elsevier.com/content/article/doi/10.1016/j.commatsci.2022.111487
2022-06-25 19:40:22,867 - elsapy.elsentity - INFO - Data loaded for https://api.elsevier.com/content/article/doi/10.1016/j.commatsci.2022.111487
2022-06-25 19:40:22,869 - elsapy.elsentity - INFO - Wrote https://api.elsevier.com/content/article/doi/10.1016/j.commatsci.2022.111487 to file
2022-06-25 19:42:14,880 - elsapy.elsclient - INFO - Module loaded.
2022-06-25 19:42:14,881 - elsapy.elsentity - INFO - Module loaded.
2022-06-25 19:42:14,882 - elsapy.elsdoc - INFO - Module loaded.
2022-06-25 19:42:15,893 - elsapy.elsclient - INFO - Sending GET request to https://api.elsevier.com/content/article/doi/10.1016/j.commatsci.2022.111487
2022-06-25 19:42:16,786 - elsapy.elsentity - INFO - Data loaded for https://api.elsevier.com/content/article/doi/10.1016/j.commatsci.2022.111487
2022-06-25 19:42:16,786 - elsapy.elsentity - INFO - Wrote https://api.elsevier.com/content/article/doi/10.1016/j.commatsci.2022.111487 to file
2022-06-25 19:45:00,496 - elsapy.elsclient - INFO - Module loaded.
2022-06-25 19:45:00,497 - elsapy.elsentity - INFO - Module loaded.
2022-06-25 19:45:00,497 - elsapy.elsdoc - INFO - Module loaded.
2022-06-25 19:45:01,512 - elsapy.elsclient - INFO - Sending GET request to https://api.elsevier.com/content/article/doi/10.1016/j.commatsci.2022.111487
2022-06-25 19:45:02,912 - elsapy.elsentity - INFO - Data loaded for https://api.elsevier.com/content/article/doi/10.1016/j.commatsci.2022.111487
2022-06-25 19:45:02,928 - elsapy.elsentity - INFO - Wrote https://api.elsevier.com/content/article/doi/10.1016/j.commatsci.2022.111487 to file
2022-06-25 19:47:10,132 - elsapy.elsclient - INFO - Module loaded.
2022-06-25 19:47:10,132 - elsapy.elsentity - INFO - Module loaded.
2022-06-25 19:47:10,132 - elsapy.elsdoc - INFO - Module loaded.
2022-06-25 19:47:11,140 - elsapy.elsclient - INFO - Sending GET request to https://api.elsevier.com/content/article/doi/10.1016/j.commatsci.2022.111487
2022-06-25 19:47:11,800 - elsapy.elsentity - INFO - Data loaded for https://api.elsevier.com/content/article/doi/10.1016/j.commatsci.2022.111487
2022-06-25 19:47:11,810 - elsapy.elsentity - INFO - Wrote https://api.elsevier.com/content/article/doi/10.1016/j.commatsci.2022.111487 to file
